<?xml version="1.0" encoding="UTF-8"?>
<coverage generated="1778005130082" clover="3.2.0">
  <project timestamp="1778005130083" name="All files">
    <metrics statements="149" coveredstatements="135" conditionals="3532" coveredconditionals="779" methods="1376" coveredmethods="487" elements="5057" coveredelements="1401" complexity="0" loc="149" ncloc="149" packages="3" files="5" classes="5"/>
    <package name="prisma.generated.client">
      <metrics statements="52" coveredstatements="52" conditionals="87" coveredconditionals="32" methods="102" coveredmethods="72"/>
      <file name="index.js" path="C:\University\AuxQueue\auxqueue-backend\prisma\generated\client\index.js">
        <metrics statements="48" coveredstatements="48" conditionals="0" coveredconditionals="0" methods="2" coveredmethods="2"/>
        <line num="6" count="1" type="stmt"/>
        <line num="33" count="1" type="stmt"/>
        <line num="36" count="1" type="stmt"/>
        <line num="38" count="1" type="stmt"/>
        <line num="39" count="1" type="stmt"/>
        <line num="45" count="1" type="stmt"/>
        <line num="50" count="1" type="stmt"/>
        <line num="51" count="1" type="stmt"/>
        <line num="52" count="1" type="stmt"/>
        <line num="53" count="1" type="stmt"/>
        <line num="54" count="1" type="stmt"/>
        <line num="55" count="1" type="stmt"/>
        <line num="60" count="1" type="stmt"/>
        <line num="61" count="1" type="stmt"/>
        <line num="62" count="1" type="stmt"/>
        <line num="63" count="1" type="stmt"/>
        <line num="64" count="1" type="stmt"/>
        <line num="69" count="1" type="stmt"/>
        <line num="70" count="1" type="stmt"/>
        <line num="75" count="1" type="stmt"/>
        <line num="76" count="1" type="stmt"/>
        <line num="77" count="1" type="stmt"/>
        <line num="79" count="1" type="stmt"/>
        <line num="84" count="1" type="stmt"/>
        <line num="89" count="1" type="stmt"/>
        <line num="93" count="1" type="stmt"/>
        <line num="98" count="1" type="stmt"/>
        <line num="103" count="1" type="stmt"/>
        <line num="111" count="1" type="stmt"/>
        <line num="117" count="1" type="stmt"/>
        <line num="130" count="1" type="stmt"/>
        <line num="138" count="1" type="stmt"/>
        <line num="145" count="1" type="stmt"/>
        <line num="150" count="1" type="stmt"/>
        <line num="156" count="1" type="stmt"/>
        <line num="168" count="1" type="stmt"/>
        <line num="176" count="1" type="stmt"/>
        <line num="177" count="1" type="stmt"/>
        <line num="178" count="1" type="stmt"/>
        <line num="182" count="1" type="stmt"/>
        <line num="183" count="1" type="stmt"/>
        <line num="185" count="1" type="stmt"/>
        <line num="186" count="1" type="stmt"/>
        <line num="187" count="1" type="stmt"/>
        <line num="189" count="1" type="stmt"/>
        <line num="194" count="1" type="stmt"/>
        <line num="195" count="1" type="stmt"/>
        <line num="196" count="1" type="stmt"/>
      </file>
      <file name="query_compiler_fast_bg.js" path="C:\University\AuxQueue\auxqueue-backend\prisma\generated\client\query_compiler_fast_bg.js">
        <metrics statements="2" coveredstatements="2" conditionals="87" coveredconditionals="32" methods="100" coveredmethods="70"/>
        <line num="1" count="10213" type="cond" truecount="20" falsecount="39"/>
        <line num="2" count="2985" type="cond" truecount="12" falsecount="16"/>
      </file>
      <file name="query_compiler_fast_bg.wasm-base64.js" path="C:\University\AuxQueue\auxqueue-backend\prisma\generated\client\query_compiler_fast_bg.wasm-base64.js">
        <metrics statements="2" coveredstatements="2" conditionals="0" coveredconditionals="0" methods="0" coveredmethods="0"/>
        <line num="1" count="1" type="stmt"/>
        <line num="2" count="1" type="stmt"/>
      </file>
    </package>
    <package name="prisma.generated.client.runtime">
      <metrics statements="22" coveredstatements="16" conditionals="3407" coveredconditionals="722" methods="1255" coveredmethods="398"/>
      <file name="client.js" path="C:\University\AuxQueue\auxqueue-backend\prisma\generated\client\runtime\client.js">
        <metrics statements="22" coveredstatements="16" conditionals="3407" coveredconditionals="722" methods="1255" coveredmethods="398"/>
        <line num="5" count="7200" type="cond" truecount="101" falsecount="182"/>
        <line num="6" count="159" type="cond" truecount="50" falsecount="112"/>
        <line num="7" count="0" type="stmt"/>
        <line num="8" count="0" type="stmt"/>
        <line num="9" count="0" type="stmt"/>
        <line num="10" count="1" type="cond" truecount="0" falsecount="40"/>
        <line num="11" count="1" type="cond" truecount="0" falsecount="39"/>
        <line num="12" count="1" type="cond" truecount="0" falsecount="75"/>
        <line num="13" count="69" type="cond" truecount="0" falsecount="136"/>
        <line num="14" count="223" type="cond" truecount="103" falsecount="182"/>
        <line num="15" count="7000" type="cond" truecount="339" falsecount="1207"/>
        <line num="16" count="0" type="stmt"/>
        <line num="17" count="1" type="cond" truecount="0" falsecount="7"/>
        <line num="20" count="0" type="stmt"/>
        <line num="52" count="0" type="stmt"/>
        <line num="61" count="43" type="cond" truecount="33" falsecount="239"/>
        <line num="62" count="43" type="cond" truecount="15" falsecount="107"/>
        <line num="69" count="299" type="cond" truecount="38" falsecount="114"/>
        <line num="70" count="1" type="cond" truecount="6" falsecount="96"/>
        <line num="74" count="43" type="cond" truecount="25" falsecount="53"/>
        <line num="79" count="43" type="cond" truecount="10" falsecount="76"/>
        <line num="80" count="1" type="cond" truecount="2" falsecount="18"/>
      </file>
    </package>
    <package name="src">
      <metrics statements="75" coveredstatements="67" conditionals="38" coveredconditionals="25" methods="19" coveredmethods="17"/>
      <file name="graphql.js" path="C:\University\AuxQueue\auxqueue-backend\src\graphql.js">
        <metrics statements="75" coveredstatements="67" conditionals="38" coveredconditionals="25" methods="19" coveredmethods="17"/>
        <line num="9" count="1" type="stmt"/>
        <line num="10" count="1" type="stmt"/>
        <line num="12" count="1" type="stmt"/>
        <line num="13" count="1" type="stmt"/>
        <line num="15" count="1" type="stmt"/>
        <line num="46" count="1" type="stmt"/>
        <line num="47" count="1" type="stmt"/>
        <line num="48" count="1" type="cond" truecount="1" falsecount="1"/>
        <line num="50" count="1" type="stmt"/>
        <line num="51" count="1" type="cond" truecount="1" falsecount="1"/>
        <line num="53" count="1" type="stmt"/>
        <line num="57" count="1" type="stmt"/>
        <line num="58" count="1" type="cond" truecount="3" falsecount="1"/>
        <line num="59" count="1" type="stmt"/>
        <line num="60" count="1" type="stmt"/>
        <line num="61" count="1" type="cond" truecount="1" falsecount="1"/>
        <line num="63" count="1" type="cond" truecount="1" falsecount="1"/>
        <line num="66" count="1" type="stmt"/>
        <line num="71" count="1" type="cond" truecount="1" falsecount="1"/>
        <line num="72" count="1" type="stmt"/>
        <line num="81" count="1" type="cond" truecount="1" falsecount="1"/>
        <line num="82" count="0" type="stmt"/>
        <line num="90" count="0" type="stmt"/>
        <line num="94" count="1" type="stmt"/>
        <line num="96" count="1" type="stmt"/>
        <line num="98" count="2" type="stmt"/>
        <line num="99" count="2" type="cond" truecount="2" falsecount="0"/>
        <line num="100" count="1" type="stmt"/>
        <line num="101" count="1" type="stmt"/>
        <line num="104" count="3" type="stmt"/>
        <line num="105" count="3" type="cond" truecount="4" falsecount="0"/>
        <line num="106" count="1" type="stmt"/>
        <line num="109" count="1" type="stmt"/>
        <line num="110" count="1" type="stmt"/>
        <line num="111" count="6" type="stmt"/>
        <line num="112" count="1" type="stmt"/>
        <line num="114" count="2" type="stmt"/>
        <line num="115" count="1" type="stmt"/>
        <line num="117" count="3" type="stmt"/>
        <line num="118" count="3" type="cond" truecount="2" falsecount="0"/>
        <line num="119" count="3" type="cond" truecount="2" falsecount="0"/>
        <line num="120" count="3" type="stmt"/>
        <line num="121" count="3" type="stmt"/>
        <line num="125" count="3" type="cond" truecount="1" falsecount="1"/>
        <line num="127" count="2" type="stmt"/>
        <line num="130" count="0" type="stmt"/>
        <line num="131" count="0" type="stmt"/>
        <line num="134" count="1" type="stmt"/>
        <line num="136" count="1" type="stmt"/>
        <line num="137" count="1" type="stmt"/>
        <line num="139" count="1" type="stmt"/>
        <line num="141" count="1" type="stmt"/>
        <line num="142" count="1" type="stmt"/>
        <line num="145" count="2" type="stmt"/>
        <line num="146" count="2" type="cond" truecount="2" falsecount="0"/>
        <line num="147" count="1" type="stmt"/>
        <line num="153" count="1" type="cond" truecount="1" falsecount="1"/>
        <line num="154" count="1" type="stmt"/>
        <line num="155" count="1" type="stmt"/>
        <line num="156" count="1" type="stmt"/>
        <line num="157" count="1" type="cond" truecount="1" falsecount="1"/>
        <line num="159" count="1" type="stmt"/>
        <line num="160" count="1" type="cond" truecount="1" falsecount="1"/>
        <line num="161" count="0" type="stmt"/>
        <line num="162" count="0" type="stmt"/>
        <line num="165" count="3" type="stmt"/>
        <line num="176" count="1" type="stmt"/>
        <line num="177" count="1" type="stmt"/>
        <line num="179" count="1" type="stmt"/>
        <line num="180" count="0" type="stmt"/>
        <line num="182" count="0" type="stmt"/>
        <line num="186" count="1" type="stmt"/>
        <line num="189" count="1" type="stmt"/>
        <line num="190" count="1" type="stmt"/>
        <line num="191" count="1" type="stmt"/>
      </file>
    </package>
  </project>
</coverage>
